# JRE version: Java(TM) SE Runtime Environment (15.0.1+9) (build 15.0.1+9-18)
# Java VM: Java HotSpot(TM) 64-Bit Server VM (15.0.1+9-18, mixed mode, sharing, tiered, compressed oops, g1 gc, bsd-amd64)
GC Precious Log:
 CPUs: 4 total, 4 available
 Memory: 8192M
 Large Page Support: Disabled
 NUMA Support: Disabled
 Compressed Oops: Enabled (Zero based)
 Heap Region Size: 1M
 Heap Min Capacity: 8M
 Heap Initial Capacity: 128M
 Heap Max Capacity: 2G
 Pre-touch: Disabled
 Parallel Workers: 4
 Concurrent Workers: 1
 Concurrent Refinement Workers: 4
 Periodic GC: Disabled
Heap:
 garbage-first heap   total 491520K, used 353429K [0x0000000780000000, 0x0000000800000000)
  region size 1024K, 82 young (83968K), 4 survivors (4096K)
 Metaspace       used 90982K, capacity 92150K, committed 92496K, reserved 1130496K
  class space    used 11105K, capacity 11445K, committed 11520K, reserved 1048576K
GC Heap History (20 events):
Event: 97.204 GC heap before
{Heap before GC invocations=66 (full 0):
 garbage-first heap   total 367616K, used 281283K [0x0000000780000000, 0x0000000800000000)
  region size 1024K, 57 young (58368K), 7 survivors (7168K)
 Metaspace       used 70601K, capacity 71424K, committed 71760K, reserved 1112064K
  class space    used 8682K, capacity 8924K, committed 8960K, reserved 1048576K
}
Event: 97.208 GC heap after
{Heap after GC invocations=67 (full 0):
 garbage-first heap   total 367616K, used 231667K [0x0000000780000000, 0x0000000800000000)
  region size 1024K, 2 young (2048K), 2 survivors (2048K)
 Metaspace       used 70601K, capacity 71424K, committed 71760K, reserved 1112064K
  class space    used 8682K, capacity 8924K, committed 8960K, reserved 1048576K
}
Event: 97.928 GC heap before
{Heap before GC invocations=68 (full 0):
 garbage-first heap   total 404480K, used 286963K [0x0000000780000000, 0x0000000800000000)
  region size 1024K, 56 young (57344K), 2 survivors (2048K)
 Metaspace       used 70627K, capacity 71492K, committed 72016K, reserved 1112064K
  class space    used 8682K, capacity 8924K, committed 8960K, reserved 1048576K
}
Event: 97.932 GC heap after
{Heap after GC invocations=69 (full 0):
 garbage-first heap   total 404480K, used 232447K [0x0000000780000000, 0x0000000800000000)
  region size 1024K, 2 young (2048K), 2 survivors (2048K)
 Metaspace       used 70627K, capacity 71492K, committed 72016K, reserved 1112064K
  class space    used 8682K, capacity 8924K, committed 8960K, reserved 1048576K
}
Event: 98.166 GC heap before
{Heap before GC invocations=69 (full 0):
 garbage-first heap   total 404480K, used 313343K [0x0000000780000000, 0x0000000800000000)
  region size 1024K, 81 young (82944K), 2 survivors (2048K)
 Metaspace       used 70659K, capacity 71502K, committed 72016K, reserved 1112064K
  class space    used 8683K, capacity 8925K, committed 8960K, reserved 1048576K
}
Event: 98.169 GC heap after
{Heap after GC invocations=70 (full 0):
 garbage-first heap   total 404480K, used 232523K [0x0000000780000000, 0x0000000800000000)
  region size 1024K, 2 young (2048K), 2 survivors (2048K)
 Metaspace       used 70659K, capacity 71502K, committed 72016K, reserved 1112064K
  class space    used 8683K, capacity 8925K, committed 8960K, reserved 1048576K
}
Event: 98.896 GC heap before
{Heap before GC invocations=71 (full 0):
 garbage-first heap   total 470016K, used 319563K [0x0000000780000000, 0x0000000800000000)
  region size 1024K, 88 young (90112K), 2 survivors (2048K)
 Metaspace       used 70753K, capacity 71598K, committed 72144K, reserved 1112064K
  class space    used 8698K, capacity 8957K, committed 9088K, reserved 1048576K
}
Event: 98.901 GC heap after
{Heap after GC invocations=72 (full 0):
 garbage-first heap   total 470016K, used 232926K [0x0000000780000000, 0x0000000800000000)
  region size 1024K, 3 young (3072K), 3 survivors (3072K)
 Metaspace       used 70753K, capacity 71598K, committed 72144K, reserved 1112064K
  class space    used 8698K, capacity 8957K, committed 9088K, reserved 1048576K
}
Event: 99.337 GC heap before
{Heap before GC invocations=72 (full 0):
 garbage-first heap   total 470016K, used 372190K [0x0000000780000000, 0x0000000800000000)
  region size 1024K, 140 young (143360K), 3 survivors (3072K)
 Metaspace       used 70869K, capacity 71762K, committed 72144K, reserved 1112064K
  class space    used 8711K, capacity 8973K, committed 9088K, reserved 1048576K
}
Event: 99.341 GC heap after
{Heap after GC invocations=73 (full 0):
 garbage-first heap   total 470016K, used 233500K [0x0000000780000000, 0x0000000800000000)
  region size 1024K, 3 young (3072K), 3 survivors (3072K)
 Metaspace       used 70869K, capacity 71762K, committed 72144K, reserved 1112064K
  class space    used 8711K, capacity 8973K, committed 9088K, reserved 1048576K
}
Event: 100.596 GC heap before
{Heap before GC invocations=74 (full 0):
 garbage-first heap   total 470016K, used 393244K [0x0000000780000000, 0x0000000800000000)
  region size 1024K, 159 young (162816K), 3 survivors (3072K)
 Metaspace       used 71630K, capacity 72528K, committed 73040K, reserved 1114112K
  class space    used 8806K, capacity 9074K, committed 9216K, reserved 1048576K
}
Event: 100.609 GC heap after
{Heap after GC invocations=75 (full 0):
 garbage-first heap   total 470016K, used 240251K [0x0000000780000000, 0x0000000800000000)
  region size 1024K, 10 young (10240K), 10 survivors (10240K)
 Metaspace       used 71630K, capacity 72528K, committed 73040K, reserved 1114112K
  class space    used 8806K, capacity 9074K, committed 9216K, reserved 1048576K
}
Event: 103.406 GC heap before
{Heap before GC invocations=75 (full 0):
 garbage-first heap   total 470016K, used 393851K [0x0000000780000000, 0x0000000800000000)
  region size 1024K, 160 young (163840K), 10 survivors (10240K)
 Metaspace       used 71859K, capacity 72738K, committed 73296K, reserved 1114112K
  class space    used 8819K, capacity 9080K, committed 9216K, reserved 1048576K
}
Event: 103.420 GC heap after
{Heap after GC invocations=76 (full 0):
 garbage-first heap   total 470016K, used 244591K [0x0000000780000000, 0x0000000800000000)
  region size 1024K, 14 young (14336K), 14 survivors (14336K)
 Metaspace       used 71859K, capacity 72738K, committed 73296K, reserved 1114112K
  class space    used 8819K, capacity 9080K, committed 9216K, reserved 1048576K
}
Event: 126.701 GC heap before
{Heap before GC invocations=77 (full 0):
 garbage-first heap   total 491520K, used 383855K [0x0000000780000000, 0x0000000800000000)
  region size 1024K, 151 young (154624K), 14 survivors (14336K)
 Metaspace       used 89079K, capacity 90136K, committed 90576K, reserved 1128448K
  class space    used 10998K, capacity 11325K, committed 11392K, reserved 1048576K
}
Event: 126.719 GC heap after
{Heap after GC invocations=78 (full 0):
 garbage-first heap   total 491520K, used 250608K [0x0000000780000000, 0x0000000800000000)
  region size 1024K, 11 young (11264K), 11 survivors (11264K)
 Metaspace       used 89079K, capacity 90136K, committed 90576K, reserved 1128448K
  class space    used 10998K, capacity 11325K, committed 11392K, reserved 1048576K
}
Event: 159.326 GC heap before
{Heap before GC invocations=79 (full 0):
 garbage-first heap   total 491520K, used 415472K [0x0000000780000000, 0x0000000800000000)
  region size 1024K, 171 young (175104K), 11 survivors (11264K)
 Metaspace       used 90199K, capacity 91346K, committed 91728K, reserved 1130496K
  class space    used 11083K, capacity 11424K, committed 11520K, reserved 1048576K
}
Event: 159.345 GC heap after
{Heap after GC invocations=80 (full 0):
 garbage-first heap   total 491520K, used 271144K [0x0000000780000000, 0x0000000800000000)
  region size 1024K, 22 young (22528K), 22 survivors (22528K)
 Metaspace       used 90199K, capacity 91346K, committed 91728K, reserved 1130496K
  class space    used 11083K, capacity 11424K, committed 11520K, reserved 1048576K
}
Event: 226.767 GC heap before
{Heap before GC invocations=80 (full 0):
 garbage-first heap   total 491520K, used 405288K [0x0000000780000000, 0x0000000800000000)
  region size 1024K, 154 young (157696K), 22 survivors (22528K)
 Metaspace       used 90715K, capacity 91891K, committed 92240K, reserved 1130496K
  class space    used 11099K, capacity 11444K, committed 11520K, reserved 1048576K
}
Event: 226.784 GC heap after
{Heap after GC invocations=81 (full 0):
 garbage-first heap   total 491520K, used 274581K [0x0000000780000000, 0x0000000800000000)
  region size 1024K, 4 young (4096K), 4 survivors (4096K)
 Metaspace       used 90715K, capacity 91891K, committed 92240K, reserved 1130496K
  class space    used 11099K, capacity 11444K, committed 11520K, reserved 1048576K
}

