# JRE version: Java(TM) SE Runtime Environment (15.0.1+9) (build 15.0.1+9-18)
# Java VM: Java HotSpot(TM) 64-Bit Server VM (15.0.1+9-18, mixed mode, sharing, tiered, compressed oops, g1 gc, bsd-amd64)
GC Precious Log:
 CPUs: 4 total, 4 available
 Memory: 8192M
 Large Page Support: Disabled
 NUMA Support: Disabled
 Compressed Oops: Enabled (Zero based)
 Heap Region Size: 1M
 Heap Min Capacity: 8M
 Heap Initial Capacity: 128M
 Heap Max Capacity: 2G
 Pre-touch: Disabled
 Parallel Workers: 4
 Concurrent Workers: 1
 Concurrent Refinement Workers: 4
 Periodic GC: Disabled
Heap:
 garbage-first heap   total 204800K, used 112429K [0x0000000780000000, 0x0000000800000000)
  region size 1024K, 14 young (14336K), 8 survivors (8192K)
 Metaspace       used 81741K, capacity 82537K, committed 83280K, reserved 1122304K
  class space    used 10422K, capacity 10679K, committed 10752K, reserved 1048576K
GC Heap History (20 events):
Event: 19.234 GC heap before
{Heap before GC invocations=39 (full 0):
 garbage-first heap   total 158720K, used 132416K [0x0000000780000000, 0x0000000800000000)
  region size 1024K, 74 young (75776K), 8 survivors (8192K)
 Metaspace       used 62320K, capacity 62965K, committed 63696K, reserved 1105920K
  class space    used 8103K, capacity 8302K, committed 8320K, reserved 1048576K
}
Event: 19.248 GC heap after
{Heap after GC invocations=40 (full 0):
 garbage-first heap   total 158720K, used 70361K [0x0000000780000000, 0x0000000800000000)
  region size 1024K, 10 young (10240K), 10 survivors (10240K)
 Metaspace       used 62320K, capacity 62965K, committed 63696K, reserved 1105920K
  class space    used 8103K, capacity 8302K, committed 8320K, reserved 1048576K
}
Event: 19.965 GC heap before
{Heap before GC invocations=40 (full 0):
 garbage-first heap   total 158720K, used 129753K [0x0000000780000000, 0x0000000800000000)
  region size 1024K, 68 young (69632K), 10 survivors (10240K)
 Metaspace       used 62569K, capacity 63239K, committed 63952K, reserved 1105920K
  class space    used 8118K, capacity 8308K, committed 8320K, reserved 1048576K
}
Event: 19.975 GC heap after
{Heap after GC invocations=41 (full 0):
 garbage-first heap   total 158720K, used 71012K [0x0000000780000000, 0x0000000800000000)
  region size 1024K, 2 young (2048K), 2 survivors (2048K)
 Metaspace       used 62569K, capacity 63239K, committed 63952K, reserved 1105920K
  class space    used 8118K, capacity 8308K, committed 8320K, reserved 1048576K
}
Event: 20.188 GC heap before
{Heap before GC invocations=41 (full 0):
 garbage-first heap   total 158720K, used 131428K [0x0000000780000000, 0x0000000800000000)
  region size 1024K, 61 young (62464K), 2 survivors (2048K)
 Metaspace       used 62633K, capacity 63239K, committed 63952K, reserved 1105920K
  class space    used 8118K, capacity 8308K, committed 8320K, reserved 1048576K
}
Event: 20.192 GC heap after
{Heap after GC invocations=42 (full 0):
 garbage-first heap   total 190464K, used 70751K [0x0000000780000000, 0x0000000800000000)
  region size 1024K, 2 young (2048K), 2 survivors (2048K)
 Metaspace       used 62633K, capacity 63239K, committed 63952K, reserved 1105920K
  class space    used 8118K, capacity 8308K, committed 8320K, reserved 1048576K
}
Event: 30.108 GC heap before
{Heap before GC invocations=43 (full 0):
 garbage-first heap   total 190464K, used 152671K [0x0000000780000000, 0x0000000800000000)
  region size 1024K, 88 young (90112K), 2 survivors (2048K)
 Metaspace       used 62834K, capacity 63534K, committed 64336K, reserved 1105920K
  class space    used 8129K, capacity 8341K, committed 8448K, reserved 1048576K
}
Event: 30.112 GC heap after
{Heap after GC invocations=44 (full 0):
 garbage-first heap   total 190464K, used 64960K [0x0000000780000000, 0x0000000800000000)
  region size 1024K, 3 young (3072K), 3 survivors (3072K)
 Metaspace       used 62834K, capacity 63534K, committed 64336K, reserved 1105920K
  class space    used 8129K, capacity 8341K, committed 8448K, reserved 1048576K
}
Event: 30.125 GC heap before
{Heap before GC invocations=44 (full 0):
 garbage-first heap   total 190464K, used 71104K [0x0000000780000000, 0x0000000800000000)
  region size 1024K, 9 young (9216K), 3 survivors (3072K)
 Metaspace       used 62835K, capacity 63534K, committed 64336K, reserved 1105920K
  class space    used 8129K, capacity 8341K, committed 8448K, reserved 1048576K
}
Event: 30.141 GC heap after
{Heap after GC invocations=45 (full 0):
 garbage-first heap   total 190464K, used 53611K [0x0000000780000000, 0x0000000800000000)
  region size 1024K, 1 young (1024K), 1 survivors (1024K)
 Metaspace       used 62835K, capacity 63534K, committed 64336K, reserved 1105920K
  class space    used 8129K, capacity 8341K, committed 8448K, reserved 1048576K
}
Event: 40.600 GC heap before
{Heap before GC invocations=45 (full 0):
 garbage-first heap   total 190464K, used 160107K [0x0000000780000000, 0x0000000800000000)
  region size 1024K, 106 young (108544K), 1 survivors (1024K)
 Metaspace       used 63356K, capacity 64014K, committed 64848K, reserved 1105920K
  class space    used 8155K, capacity 8373K, committed 8448K, reserved 1048576K
}
Event: 40.616 GC heap after
{Heap after GC invocations=46 (full 0):
 garbage-first heap   total 204800K, used 94892K [0x0000000780000000, 0x0000000800000000)
  region size 1024K, 14 young (14336K), 14 survivors (14336K)
 Metaspace       used 63356K, capacity 64014K, committed 64848K, reserved 1105920K
  class space    used 8155K, capacity 8373K, committed 8448K, reserved 1048576K
}
Event: 40.827 GC heap before
{Heap before GC invocations=46 (full 0):
 garbage-first heap   total 204800K, used 150188K [0x0000000780000000, 0x0000000800000000)
  region size 1024K, 68 young (69632K), 14 survivors (14336K)
 Metaspace       used 63761K, capacity 64494K, committed 65360K, reserved 1105920K
  class space    used 8176K, capacity 8405K, committed 8448K, reserved 1048576K
}
Event: 40.835 GC heap after
{Heap after GC invocations=47 (full 0):
 garbage-first heap   total 204800K, used 97870K [0x0000000780000000, 0x0000000800000000)
  region size 1024K, 2 young (2048K), 2 survivors (2048K)
 Metaspace       used 63761K, capacity 64494K, committed 65360K, reserved 1105920K
  class space    used 8176K, capacity 8405K, committed 8448K, reserved 1048576K
}
Event: 41.579 GC heap before
{Heap before GC invocations=47 (full 0):
 garbage-first heap   total 204800K, used 155214K [0x0000000780000000, 0x0000000800000000)
  region size 1024K, 58 young (59392K), 2 survivors (2048K)
 Metaspace       used 64179K, capacity 64852K, committed 65744K, reserved 1105920K
  class space    used 8216K, capacity 8438K, committed 8576K, reserved 1048576K
}
Event: 41.583 GC heap after
{Heap after GC invocations=48 (full 0):
 garbage-first heap   total 204800K, used 99476K [0x0000000780000000, 0x0000000800000000)
  region size 1024K, 4 young (4096K), 4 survivors (4096K)
 Metaspace       used 64179K, capacity 64852K, committed 65744K, reserved 1105920K
  class space    used 8216K, capacity 8438K, committed 8576K, reserved 1048576K
}
Event: 71.526 GC heap before
{Heap before GC invocations=49 (full 0):
 garbage-first heap   total 204800K, used 157844K [0x0000000780000000, 0x0000000800000000)
  region size 1024K, 61 young (62464K), 4 survivors (4096K)
 Metaspace       used 69331K, capacity 70069K, committed 70608K, reserved 1112064K
  class space    used 8837K, capacity 9068K, committed 9088K, reserved 1048576K
}
Event: 71.532 GC heap after
{Heap after GC invocations=50 (full 0):
 garbage-first heap   total 204800K, used 101073K [0x0000000780000000, 0x0000000800000000)
  region size 1024K, 5 young (5120K), 5 survivors (5120K)
 Metaspace       used 69331K, capacity 70069K, committed 70608K, reserved 1112064K
  class space    used 8837K, capacity 9068K, committed 9088K, reserved 1048576K
}
Event: 110.921 GC heap before
{Heap before GC invocations=50 (full 0):
 garbage-first heap   total 204800K, used 159441K [0x0000000780000000, 0x0000000800000000)
  region size 1024K, 63 young (64512K), 5 survivors (5120K)
 Metaspace       used 81404K, capacity 82211K, committed 83024K, reserved 1122304K
  class space    used 10400K, capacity 10677K, committed 10752K, reserved 1048576K
}
Event: 110.941 GC heap after
{Heap after GC invocations=51 (full 0):
 garbage-first heap   total 204800K, used 105261K [0x0000000780000000, 0x0000000800000000)
  region size 1024K, 8 young (8192K), 8 survivors (8192K)
 Metaspace       used 81404K, capacity 82211K, committed 83024K, reserved 1122304K
  class space    used 10400K, capacity 10677K, committed 10752K, reserved 1048576K
}

